
--------------------------------------------------
TXLib соболезнует...

Программа: C:\Users\Тимофей\Desktop\информатика\алгоритмика\1.exe,

ВНЕЗАПНО: std::terminate(): Неперехваченное исключение в функции main() или в деструкторе, или другая фатальная ошибка C++. 

Объект исключения C++: char const* = "nofile", его адрес 0x0078EC98.

Используйте try/catch блоки, перехватывайте catch (...), проверяйте вызовы виртуальных функций, разбирайтесь, в чем дело.

С помощью std::set_terminate() вы можете сами обработать эту ошибку.

#1: TXLib [Ver: 00173a, Rev: 105], Instance: 0x004FE2C0 (32-bit), Flags: Cmdre0, Thread: 0x170C (Main), GetLastError(): 2 (Не удается найти указанный файл), errno: 2 (No such file or directory), _doserrno: 2 (No such file or directory). 

--------------------------------------------------
Стек вызовов:

# 0 0x0040E8B1 in C:\Users\Тимофей\Desktop\информатика\алгоритмика\1.exe: _txOnTerminate() at C:/Program Files (x86)/TX/TXLib.h (8583)
# 1 0x00442DC7 in C:\Users\Тимофей\Desktop\информатика\алгоритмика\1.exe: __cxxabiv1::__terminate()

# 2 0x00426C1D in C:\Users\Тимофей\Desktop\информатика\алгоритмика\1.exe: game() at C:/Users/Тимофей/Desktop/информатика/алгоритмика/1.cpp (20):

     18: void game()
     19:     {
=>   20:     LoadLVL();
     21:     }
     22: 

# 3 0x00426BDB in C:\Users\Тимофей\Desktop\информатика\алгоритмика\1.exe: main() at C:/Users/Тимофей/Desktop/информатика/алгоритмика/1.cpp (8):

      6: int main()
      7:     {
=>    8:     try {game(); }
      9:     catch (int errcode){printf("tipa oshipka");}
     10: 

--------------------------------------------------
Developed with:

The Dumb Artist Library (TX Library) - TXLib [Ver: 00173a, Rev: 105]
Copyright (C) Ded (Ilya Dedinsky, http://txlib.ru) <mail@txlib.ru>
See license on: http://txlib.ru

TXLib file:	C:\Program Files (x86)\TX\TXLib.h
Compiled:	Jul 30 2017 20:58:07, GNU g++ 4.8.1, std=201103L, MinGW Runtime 3.20, 32-bit, DEBUG
Started:	Jul 30 2017 20:58:13

Run file:	C:\Users\Тимофей\Desktop\информатика\алгоритмика\1.exe
Directory:	C:\Users\Тимофей\Desktop\информатика\алгоритмика

--------------------------------------------------

--------------------------------------------------
TXLib соболезнует...

Программа: C:\Users\Тимофей\Desktop\информатика\алгоритмика\1.exe,

ВНЕЗАПНО: std::terminate(): Неперехваченное исключение в функции main() или в деструкторе, или другая фатальная ошибка C++. 

Объект исключения C++: char const* = "nofile", его адрес 0x0220EC98.

Используйте try/catch блоки, перехватывайте catch (...), проверяйте вызовы виртуальных функций, разбирайтесь, в чем дело.

С помощью std::set_terminate() вы можете сами обработать эту ошибку.

#1: TXLib [Ver: 00173a, Rev: 105], Instance: 0x004FE2C0 (32-bit), Flags: Cmdre0, Thread: 0x175C (Main), GetLastError(): 2 (Не удается найти указанный файл), errno: 2 (No such file or directory), _doserrno: 2 (No such file or directory). 

--------------------------------------------------
Стек вызовов:

# 0 0x0040E8B1 in C:\Users\Тимофей\Desktop\информатика\алгоритмика\1.exe: _txOnTerminate() at C:/Program Files (x86)/TX/TXLib.h (8583)
# 1 0x00442DB7 in C:\Users\Тимофей\Desktop\информатика\алгоритмика\1.exe: __cxxabiv1::__terminate()

# 2 0x00426C1B in C:\Users\Тимофей\Desktop\информатика\алгоритмика\1.exe: game() at C:/Users/Тимофей/Desktop/информатика/алгоритмика/1.cpp (20):

     18: void game()
     19:     {
=>   20:     LoadLVL();
     21:     }
     22: 

# 3 0x00426BDB in C:\Users\Тимофей\Desktop\информатика\алгоритмика\1.exe: main() at C:/Users/Тимофей/Desktop/информатика/алгоритмика/1.cpp (8):

      6: int main()
      7:     {
=>    8:     try {game(); }
      9:     catch (char* errcode){printf("tipa oshipka");}
     10: 

--------------------------------------------------
Developed with:

The Dumb Artist Library (TX Library) - TXLib [Ver: 00173a, Rev: 105]
Copyright (C) Ded (Ilya Dedinsky, http://txlib.ru) <mail@txlib.ru>
See license on: http://txlib.ru

TXLib file:	C:\Program Files (x86)\TX\TXLib.h
Compiled:	Jul 30 2017 20:59:55, GNU g++ 4.8.1, std=201103L, MinGW Runtime 3.20, 32-bit, DEBUG
Started:	Jul 30 2017 21:00:00

Run file:	C:\Users\Тимофей\Desktop\информатика\алгоритмика\1.exe
Directory:	C:\Users\Тимофей\Desktop\информатика\алгоритмика

--------------------------------------------------
