
--------------------------------------------------
TXLib соболезнует...

Программа: C:\Users\Тимофей\Desktop\информатика\алгоритмика\16-05-адовая-заполнялка-массива-или-компьютеризация-бабушки.exe, файл: C:\Users\Тимофей\Desktop\информатика\алгоритмика\16-05-адовая-заполнялка-массива-или-компьютеризация-бабушки.cpp, строка: 28, функция: void fillarraywiththeorder(int*, size_t),

Сообщение: ВНЕЗАПНО: Логическая ошибка: Неверно, что "0 < ((__i - 1)/2)*(__i%2) + (-__i/2 + sz)*((__i + 1)%2) && ((__i - 1)/2)*(__i%2) + (-__i/2 + sz)*((__i + 1)%2) < sz".

#1: TXLib [Ver: 00173a, Rev: 105], Instance: 0x004FE2BC (32-bit), Flags: CMdRe0, Thread: 0xCE4 (Main). 

--------------------------------------------------
Стек вызовов:

# 0 0x00426BA7 in C:\Users\Тимофей\Desktop\информатика\алгоритмика\16-05-адовая-заполнялка-массива-или-компьютеризация-бабушки.exe: fillarraywiththeorder() at C:/Users/Тимофей/Desktop/информатика/алгоритмика/16-05-адовая-заполнялка-массива-или-компьютеризация-бабушки.cpp (27):

     25:     for (; __i_itznotacounter_itzanobject <= sz; __i_itznotacounter_itzanobject++)
     26:         {
=>   27:         assert (0 < ((__i - 1)/2)*(__i%2) + (-__i/2 + sz)*((__i + 1)%2) &&
     28:                     ((__i - 1)/2)*(__i%2) + (-__i/2 + sz)*((__i + 1)%2) < sz);
     29: 

# 1 0x00426A02 in C:\Users\Тимофей\Desktop\информатика\алгоритмика\16-05-адовая-заполнялка-массива-или-компьютеризация-бабушки.exe: main() at C:/Users/Тимофей/Desktop/информатика/алгоритмика/16-05-адовая-заполнялка-массива-или-компьютеризация-бабушки.cpp (10):

      8:     txCreateWindow (800, 600);
      9:     int ar [12] = {};
=>   10:     fillarraywiththeorder (ar, 12);
     11: 
     12:     $(ar);

--------------------------------------------------
Developed with:

The Dumb Artist Library (TX Library) - TXLib [Ver: 00173a, Rev: 105]
Copyright (C) Ded (Ilya Dedinsky, http://txlib.ru) <mail@txlib.ru>
See license on: http://txlib.ru

TXLib file:	C:\Program Files (x86)\TX\TXLib.h
Compiled:	Jun 16 2017 22:34:14, GNU g++ 4.8.1, std=201103L, MinGW Runtime 3.20, 32-bit, DEBUG
Started:	Jun 16 2017 22:34:18

Run file:	C:\Users\Тимофей\Desktop\информатика\алгоритмика\16-05-адовая-заполнялка-массива-или-компьютеризация-бабушки.exe
Directory:	C:\Users\Тимофей\Desktop\информатика\алгоритмика

--------------------------------------------------

--------------------------------------------------
TXLib соболезнует...

Программа: C:\Users\Тимофей\Desktop\информатика\алгоритмика\16-05-адовая-заполнялка-массива-или-компьютеризация-бабушки.exe, файл: C:\Users\Тимофей\Desktop\информатика\алгоритмика\16-05-адовая-заполнялка-массива-или-компьютеризация-бабушки.cpp, строка: 30, функция: void fillarraywiththeorder(int*, size_t),

Сообщение: ВНЕЗАПНО: Логическая ошибка: Неверно, что "0 < ((__i - 1)/2)*(__i%2) + (-__i/2 + sz)*((__i + 1)%2) && ((__i - 1)/2)*(__i%2) + (-__i/2 + sz)*((__i + 1)%2) < sz".

#1: TXLib [Ver: 00173a, Rev: 105], Instance: 0x004FE2BC (32-bit), Flags: CMdRe0, Thread: 0x12CC (Main). 

--------------------------------------------------
Стек вызовов:

# 0 0x00426C2F in C:\Users\Тимофей\Desktop\информатика\алгоритмика\16-05-адовая-заполнялка-массива-или-компьютеризация-бабушки.exe: fillarraywiththeorder() at C:/Users/Тимофей/Desktop/информатика/алгоритмика/16-05-адовая-заполнялка-массива-или-компьютеризация-бабушки.cpp (29):

     27:         $( ((__i - 1)/2)*(__i%2) + (-__i/2 + sz)*((__i + 1)%2) );
     28: 
=>   29:         assert (0 < ((__i - 1)/2)*(__i%2) + (-__i/2 + sz)*((__i + 1)%2) &&
     30:                     ((__i - 1)/2)*(__i%2) + (-__i/2 + sz)*((__i + 1)%2) < sz);
     31: 

# 1 0x00426A02 in C:\Users\Тимофей\Desktop\информатика\алгоритмика\16-05-адовая-заполнялка-массива-или-компьютеризация-бабушки.exe: main() at C:/Users/Тимофей/Desktop/информатика/алгоритмика/16-05-адовая-заполнялка-массива-или-компьютеризация-бабушки.cpp (10):

      8:     txCreateWindow (800, 600);
      9:     int ar [12] = {};
=>   10:     fillarraywiththeorder (ar, 12);
     11: 
     12:     $(ar);

--------------------------------------------------
Developed with:

The Dumb Artist Library (TX Library) - TXLib [Ver: 00173a, Rev: 105]
Copyright (C) Ded (Ilya Dedinsky, http://txlib.ru) <mail@txlib.ru>
See license on: http://txlib.ru

TXLib file:	C:\Program Files (x86)\TX\TXLib.h
Compiled:	Jun 16 2017 22:35:16, GNU g++ 4.8.1, std=201103L, MinGW Runtime 3.20, 32-bit, DEBUG
Started:	Jun 16 2017 22:35:20

Run file:	C:\Users\Тимофей\Desktop\информатика\алгоритмика\16-05-адовая-заполнялка-массива-или-компьютеризация-бабушки.exe
Directory:	C:\Users\Тимофей\Desktop\информатика\алгоритмика

--------------------------------------------------

--------------------------------------------------
TXLib соболезнует...

Программа: C:\Users\Тимофей\Desktop\информатика\алгоритмика\16-05-адовая-заполнялка-массива-или-компьютеризация-бабушки.exe, файл: C:\Users\Тимофей\Desktop\информатика\алгоритмика\16-05-адовая-заполнялка-массива-или-компьютеризация-бабушки.cpp, строка: 30, функция: void fillarraywiththeorder(int*, size_t),

Сообщение: ВНЕЗАПНО: Логическая ошибка: Неверно, что "1 < ((__i - 1)/2)*(__i%2) + (-__i/2 + sz)*((__i + 1)%2) && ((__i - 1)/2)*(__i%2) + (-__i/2 + sz)*((__i + 1)%2) < sz".

#1: TXLib [Ver: 00173a, Rev: 105], Instance: 0x004FE2BC (32-bit), Flags: CMdRe0, Thread: 0x122C (Main). 

--------------------------------------------------
Стек вызовов:

# 0 0x00426C30 in C:\Users\Тимофей\Desktop\информатика\алгоритмика\16-05-адовая-заполнялка-массива-или-компьютеризация-бабушки.exe: fillarraywiththeorder() at C:/Users/Тимофей/Desktop/информатика/алгоритмика/16-05-адовая-заполнялка-массива-или-компьютеризация-бабушки.cpp (29):

     27:         $( ((__i - 1)/2)*(__i%2) + (-__i/2 + sz)*((__i + 1)%2) );
     28: 
=>   29:         assert (1 < ((__i - 1)/2)*(__i%2) + (-__i/2 + sz)*((__i + 1)%2) &&
     30:                     ((__i - 1)/2)*(__i%2) + (-__i/2 + sz)*((__i + 1)%2) < sz);
     31: 

# 1 0x00426A02 in C:\Users\Тимофей\Desktop\информатика\алгоритмика\16-05-адовая-заполнялка-массива-или-компьютеризация-бабушки.exe: main() at C:/Users/Тимофей/Desktop/информатика/алгоритмика/16-05-адовая-заполнялка-массива-или-компьютеризация-бабушки.cpp (10):

      8:     txCreateWindow (800, 600);
      9:     int ar [12] = {};
=>   10:     fillarraywiththeorder (ar, 12);
     11: 
     12:     $(ar);

--------------------------------------------------
Developed with:

The Dumb Artist Library (TX Library) - TXLib [Ver: 00173a, Rev: 105]
Copyright (C) Ded (Ilya Dedinsky, http://txlib.ru) <mail@txlib.ru>
See license on: http://txlib.ru

TXLib file:	C:\Program Files (x86)\TX\TXLib.h
Compiled:	Jun 16 2017 22:35:37, GNU g++ 4.8.1, std=201103L, MinGW Runtime 3.20, 32-bit, DEBUG
Started:	Jun 16 2017 22:35:41

Run file:	C:\Users\Тимофей\Desktop\информатика\алгоритмика\16-05-адовая-заполнялка-массива-или-компьютеризация-бабушки.exe
Directory:	C:\Users\Тимофей\Desktop\информатика\алгоритмика

--------------------------------------------------
