
--------------------------------------------------
TXLib соболезнует...

Программа: C:\Users\Тимофей\Desktop\информатика\алгоритмика\18-06-заполнить-зд5.exe, файл: C:\Users\Тимофей\Desktop\информатика\алгоритмика\18-06-заполнить-зд5.cpp, строка: 76, функция: void fillfstp(int*, size_t),

Сообщение: ВНЕЗАПНО: Логическая ошибка: Неверно, что "0 < i && i < halfsz".

#1: TXLib [Ver: 00173a, Rev: 105], Instance: 0x004FF2BC (32-bit), Flags: CMdRe0, Thread: 0xF24 (Main). 

--------------------------------------------------
Стек вызовов:

# 0 0x0042730D in C:\Users\Тимофей\Desktop\информатика\алгоритмика\18-06-заполнить-зд5.exe: fillfstp() at C:/Users/Тимофей/Desktop/информатика/алгоритмика/18-06-заполнить-зд5.cpp (76):

     74:         {
     75:         if (i%3) i+= 3;
=>   76:         assert (0 < i    &&   i < halfsz);
     77:         assert (0 <= i-1 && i-1 < halfsz);
     78: 

# 1 0x00427217 in C:\Users\Тимофей\Desktop\информатика\алгоритмика\18-06-заполнить-зд5.exe: spclfill() at C:/Users/Тимофей/Desktop/информатика/алгоритмика/18-06-заполнить-зд5.cpp (62):

     60: void spclfill (int ar [], size_t sz)
     61:     {
=>   62:     fillfstp (ar, (!(sz%2))? sz/2 : sz/2+1);
     63:     curcasefillscndprt (ar, sz, 3);
     64:     }

# 2 0x00426A7A in C:\Users\Тимофей\Desktop\информатика\алгоритмика\18-06-заполнить-зд5.exe: utest() at C:/Users/Тимофей/Desktop/информатика/алгоритмика/18-06-заполнить-зд5.cpp (29):

     27:     {
     28:     int ar [12] = {};
=>   29:     fillfunc_p (ar, 12);
     30: 
     31:     $unittest(compare2ars (ar, sizearr(ar), {1,3,5,7,9,11,12,10,8,6,4,2}), 1);

# 3 0x00426A06 in C:\Users\Тимофей\Desktop\информатика\алгоритмика\18-06-заполнить-зд5.exe: main() at C:/Users/Тимофей/Desktop/информатика/алгоритмика/18-06-заполнить-зд5.cpp (17):

     15:     int ar [12] = {};
     16: 
=>   17:     $(utest ( spclfill ));
     18: 
     19: 

--------------------------------------------------
Developed with:

The Dumb Artist Library (TX Library) - TXLib [Ver: 00173a, Rev: 105]
Copyright (C) Ded (Ilya Dedinsky, http://txlib.ru) <mail@txlib.ru>
See license on: http://txlib.ru

TXLib file:	C:\Program Files (x86)\TX\TXLib.h
Compiled:	Jun 18 2017 21:04:45, GNU g++ 4.8.1, std=201103L, MinGW Runtime 3.20, 32-bit, DEBUG
Started:	Jun 18 2017 21:04:51

Run file:	C:\Users\Тимофей\Desktop\информатика\алгоритмика\18-06-заполнить-зд5.exe
Directory:	C:\Users\Тимофей\Desktop\информатика\алгоритмика

--------------------------------------------------

--------------------------------------------------
TXLib соболезнует...

Программа: C:\Users\Тимофей\Desktop\информатика\алгоритмика\18-06-заполнить-зд5.exe, файл: C:\Users\Тимофей\Desktop\информатика\алгоритмика\18-06-заполнить-зд5.cpp, строка: 75, функция: void fillfstp(int*, size_t),

Сообщение: ВНЕЗАПНО: Логическая ошибка: Неверно, что "0 < i && i < halfsz".

#1: TXLib [Ver: 00173a, Rev: 105], Instance: 0x004FF2BC (32-bit), Flags: Cmdre0, Thread: 0x788 (Main). 

--------------------------------------------------
Стек вызовов:

# 0 0x00427328 in C:\Users\Тимофей\Desktop\информатика\алгоритмика\18-06-заполнить-зд5.exe: fillfstp() at C:/Users/Тимофей/Desktop/информатика/алгоритмика/18-06-заполнить-зд5.cpp (75):

     73:     for (size_t i = 1; i <= halfsz; i++)
     74:         {
=>   75:         assert (0 < i    &&   i < halfsz);
     76:         assert (0 <= i-1 && i-1 < halfsz);
     77: 

# 1 0x00427242 in C:\Users\Тимофей\Desktop\информатика\алгоритмика\18-06-заполнить-зд5.exe: spclfill() at C:/Users/Тимофей/Desktop/информатика/алгоритмика/18-06-заполнить-зд5.cpp (61):

     59: void spclfill (int ar [], size_t sz)
     60:     {
=>   61:     fillfstp (ar, /*(!(sz%2))? sz/2 : sz/2+1*/ (sz > 3)? sz/2 : sz);
     62:     curcasefillscndprt (ar, sz, 3);
     63:     }

# 2 0x00426A9F in C:\Users\Тимофей\Desktop\информатика\алгоритмика\18-06-заполнить-зд5.exe: utest() at C:/Users/Тимофей/Desktop/информатика/алгоритмика/18-06-заполнить-зд5.cpp (28):

     26:     {
     27:     int ar [12] = {-1,-1,-1,-1,-1,-1,-1,-1,-1,-1,-1,-1};
=>   28:     fillfunc_p (ar, 12);
     29: 
     30:     $unittest(compare2ars (ar, sizearr(ar), {1,2,3,7,8,9,12,11,10,6,5,4}), 1);

# 3 0x004269CA in C:\Users\Тимофей\Desktop\информатика\алгоритмика\18-06-заполнить-зд5.exe: main() at C:/Users/Тимофей/Desktop/информатика/алгоритмика/18-06-заполнить-зд5.cpp (16):

     14:     int ar [12] = {};
     15: 
=>   16:     $(utest ( spclfill ));
     17: 
     18: 

--------------------------------------------------
Developed with:

The Dumb Artist Library (TX Library) - TXLib [Ver: 00173a, Rev: 105]
Copyright (C) Ded (Ilya Dedinsky, http://txlib.ru) <mail@txlib.ru>
See license on: http://txlib.ru

TXLib file:	C:\Program Files (x86)\TX\TXLib.h
Compiled:	Jun 18 2017 22:02:18, GNU g++ 4.8.1, std=201103L, MinGW Runtime 3.20, 32-bit, DEBUG
Started:	Jun 18 2017 22:02:23

Run file:	C:\Users\Тимофей\Desktop\информатика\алгоритмика\18-06-заполнить-зд5.exe
Directory:	C:\Users\Тимофей\Desktop\информатика\алгоритмика

--------------------------------------------------
